2022/05/13 12:34:51 [emerg] 1#1: host not found in upstream "event-app" in /etc/nginx/conf.d/app.conf:15
2022/05/13 12:34:58 [emerg] 1#1: host not found in upstream "event-app" in /etc/nginx/conf.d/app.conf:15
2022/05/13 12:35:05 [emerg] 1#1: host not found in upstream "event-app" in /etc/nginx/conf.d/app.conf:15
2022/05/13 12:35:12 [emerg] 1#1: host not found in upstream "event-app" in /etc/nginx/conf.d/app.conf:15
2022/05/13 12:35:19 [emerg] 1#1: host not found in upstream "event-app" in /etc/nginx/conf.d/app.conf:15
2022/05/13 12:35:26 [emerg] 1#1: host not found in upstream "event-app" in /etc/nginx/conf.d/app.conf:15
2022/05/13 12:35:36 [emerg] 1#1: host not found in upstream "event-app" in /etc/nginx/conf.d/app.conf:15
2022/05/13 12:35:48 [emerg] 1#1: host not found in upstream "event-app" in /etc/nginx/conf.d/app.conf:15
2022/05/13 12:36:07 [emerg] 1#1: host not found in upstream "event-app" in /etc/nginx/conf.d/app.conf:15
2022/05/13 12:36:38 [emerg] 1#1: host not found in upstream "event-app" in /etc/nginx/conf.d/app.conf:15
2022/05/13 12:37:36 [emerg] 1#1: host not found in upstream "event-app" in /etc/nginx/conf.d/app.conf:15
2022/05/13 12:38:42 [emerg] 1#1: host not found in upstream "event-app" in /etc/nginx/conf.d/app.conf:15
2022/05/13 12:39:47 [emerg] 1#1: host not found in upstream "event-app" in /etc/nginx/conf.d/app.conf:15
2022/05/13 12:40:54 [emerg] 1#1: host not found in upstream "event-app" in /etc/nginx/conf.d/app.conf:15
2022/05/13 12:42:00 [emerg] 1#1: host not found in upstream "event-app" in /etc/nginx/conf.d/app.conf:15
2022/05/13 12:43:06 [emerg] 1#1: host not found in upstream "event-app" in /etc/nginx/conf.d/app.conf:15
2022/05/13 12:44:11 [emerg] 1#1: host not found in upstream "event-app" in /etc/nginx/conf.d/app.conf:15
2022/05/13 12:45:17 [emerg] 1#1: host not found in upstream "event-app" in /etc/nginx/conf.d/app.conf:15
2022/05/13 12:46:23 [emerg] 1#1: host not found in upstream "event-app" in /etc/nginx/conf.d/app.conf:15
2022/05/13 12:47:29 [emerg] 1#1: host not found in upstream "event-app" in /etc/nginx/conf.d/app.conf:15
2022/05/13 12:48:35 [emerg] 1#1: host not found in upstream "event-app" in /etc/nginx/conf.d/app.conf:15
2022/05/13 12:49:41 [emerg] 1#1: host not found in upstream "event-app" in /etc/nginx/conf.d/app.conf:15
2022/05/13 12:50:47 [emerg] 1#1: host not found in upstream "event-app" in /etc/nginx/conf.d/app.conf:15
2022/05/13 12:51:53 [emerg] 1#1: host not found in upstream "event-app" in /etc/nginx/conf.d/app.conf:15
2022/05/13 12:52:59 [emerg] 1#1: host not found in upstream "event-app" in /etc/nginx/conf.d/app.conf:15
2022/05/13 12:54:05 [emerg] 1#1: host not found in upstream "event-app" in /etc/nginx/conf.d/app.conf:15
2022/05/13 12:55:11 [emerg] 1#1: host not found in upstream "event-app" in /etc/nginx/conf.d/app.conf:15
2022/05/13 12:56:17 [emerg] 1#1: host not found in upstream "event-app" in /etc/nginx/conf.d/app.conf:15
2022/05/13 12:57:39 [notice] 1#1: using the "epoll" event method
2022/05/13 12:57:39 [notice] 1#1: nginx/1.21.6
2022/05/13 12:57:39 [notice] 1#1: built by gcc 10.3.1 20211027 (Alpine 10.3.1_git20211027) 
2022/05/13 12:57:39 [notice] 1#1: OS: Linux 5.13.0-41-generic
2022/05/13 12:57:39 [notice] 1#1: getrlimit(RLIMIT_NOFILE): 1048576:1048576
2022/05/13 12:57:39 [notice] 1#1: start worker processes
2022/05/13 12:57:39 [notice] 1#1: start worker process 23
2022/05/13 12:57:39 [notice] 1#1: start worker process 24
2022/05/13 12:57:39 [notice] 1#1: start worker process 25
2022/05/13 12:57:39 [notice] 1#1: start worker process 26
2022/05/13 12:57:39 [notice] 1#1: start worker process 27
2022/05/13 12:57:39 [notice] 1#1: start worker process 28
2022/05/13 12:57:39 [notice] 1#1: start worker process 29
2022/05/13 12:57:39 [notice] 1#1: start worker process 30
2022/05/13 13:09:52 [notice] 1#1: signal 3 (SIGQUIT) received, shutting down
2022/05/13 13:09:52 [notice] 23#23: gracefully shutting down
2022/05/13 13:09:52 [notice] 24#24: gracefully shutting down
2022/05/13 13:09:52 [notice] 25#25: gracefully shutting down
2022/05/13 13:09:52 [notice] 23#23: exiting
2022/05/13 13:09:52 [notice] 24#24: exiting
2022/05/13 13:09:52 [notice] 25#25: exiting
2022/05/13 13:09:52 [notice] 27#27: gracefully shutting down
2022/05/13 13:09:52 [notice] 27#27: exiting
2022/05/13 13:09:52 [notice] 25#25: exit
2022/05/13 13:09:52 [notice] 23#23: exit
2022/05/13 13:09:52 [notice] 24#24: exit
2022/05/13 13:09:52 [notice] 27#27: exit
2022/05/13 13:09:52 [notice] 26#26: gracefully shutting down
2022/05/13 13:09:52 [notice] 26#26: exiting
2022/05/13 13:09:52 [notice] 26#26: exit
2022/05/13 13:09:52 [notice] 30#30: gracefully shutting down
2022/05/13 13:09:52 [notice] 30#30: exiting
2022/05/13 13:09:52 [notice] 30#30: exit
2022/05/13 13:09:52 [notice] 29#29: gracefully shutting down
2022/05/13 13:09:52 [notice] 29#29: exiting
2022/05/13 13:09:52 [notice] 29#29: exit
2022/05/13 13:09:52 [notice] 28#28: gracefully shutting down
2022/05/13 13:09:52 [notice] 28#28: exiting
2022/05/13 13:09:52 [notice] 28#28: exit
2022/05/13 13:09:52 [notice] 1#1: signal 17 (SIGCHLD) received from 24
2022/05/13 13:09:52 [notice] 1#1: worker process 24 exited with code 0
2022/05/13 13:09:52 [notice] 1#1: signal 29 (SIGIO) received
2022/05/13 13:09:52 [notice] 1#1: signal 17 (SIGCHLD) received from 25
2022/05/13 13:09:52 [notice] 1#1: worker process 25 exited with code 0
2022/05/13 13:09:52 [notice] 1#1: signal 29 (SIGIO) received
2022/05/13 13:09:52 [notice] 1#1: signal 17 (SIGCHLD) received from 23
2022/05/13 13:09:52 [notice] 1#1: worker process 23 exited with code 0
2022/05/13 13:09:52 [notice] 1#1: worker process 26 exited with code 0
2022/05/13 13:09:52 [notice] 1#1: worker process 27 exited with code 0
2022/05/13 13:09:52 [notice] 1#1: signal 29 (SIGIO) received
2022/05/13 13:09:52 [notice] 1#1: signal 17 (SIGCHLD) received from 27
2022/05/13 13:09:52 [notice] 1#1: signal 17 (SIGCHLD) received from 30
2022/05/13 13:09:52 [notice] 1#1: worker process 30 exited with code 0
2022/05/13 13:09:52 [notice] 1#1: signal 29 (SIGIO) received
2022/05/13 13:09:52 [notice] 1#1: signal 17 (SIGCHLD) received from 29
2022/05/13 13:09:52 [notice] 1#1: worker process 29 exited with code 0
2022/05/13 13:09:52 [notice] 1#1: signal 29 (SIGIO) received
2022/05/13 13:09:52 [notice] 1#1: signal 17 (SIGCHLD) received from 28
2022/05/13 13:09:52 [notice] 1#1: worker process 28 exited with code 0
2022/05/13 13:09:52 [notice] 1#1: exit
2022/05/16 04:21:28 [notice] 1#1: using the "epoll" event method
2022/05/16 04:21:28 [notice] 1#1: nginx/1.21.6
2022/05/16 04:21:28 [notice] 1#1: built by gcc 10.3.1 20211027 (Alpine 10.3.1_git20211027) 
2022/05/16 04:21:28 [notice] 1#1: OS: Linux 5.13.0-41-generic
2022/05/16 04:21:28 [notice] 1#1: getrlimit(RLIMIT_NOFILE): 1048576:1048576
2022/05/16 04:21:28 [notice] 1#1: start worker processes
2022/05/16 04:21:28 [notice] 1#1: start worker process 22
2022/05/16 04:21:28 [notice] 1#1: start worker process 23
2022/05/16 04:21:28 [notice] 1#1: start worker process 24
2022/05/16 04:21:28 [notice] 1#1: start worker process 25
2022/05/16 04:21:28 [notice] 1#1: start worker process 26
2022/05/16 04:21:28 [notice] 1#1: start worker process 27
2022/05/16 04:21:28 [notice] 1#1: start worker process 28
2022/05/16 04:21:28 [notice] 1#1: start worker process 29
